Running in parallel on 20 cores
current state: start
current state: start
Now performing an optimization...
current state: start
current state: mode_solving
0it [00:00, ?it/s]1it [00:13, 13.26s/it]1it [00:13, 13.26s/it]
current state: finished_modes
current state: layer_propagating
0it [00:00, ?it/s]1it [00:00,  1.57it/s]1it [00:00,  1.57it/s]
current state: finished_layer
current state: network_building
current state: finished_network
current state: field_propagating
0it [00:00, ?it/s]1it [00:08,  8.15s/it]1it [00:08,  8.15s/it]
current state: finished
Run 0 finished with value 0.8630956374073907
Now performing an optimization...
current state: start
current state: mode_solving
slurmstepd: error: *** JOB 48337516 ON m8-1-8 CANCELLED AT 2022-03-29T11:09:34 ***
